c:\workspace\zbus-api-c\zbus\src\x64\release\vc120.pdb
c:\workspace\zbus-api-c\zbus\src\x64\release\thread.obj
c:\workspace\zbus-api-c\zbus\src\x64\release\net.obj
c:\workspace\zbus-api-c\zbus\src\x64\release\log.obj
c:\workspace\zbus-api-c\zbus\src\x64\release\list.obj
c:\workspace\zbus-api-c\zbus\src\x64\release\json.obj
c:\workspace\zbus-api-c\zbus\src\x64\release\hash.obj
c:\workspace\zbus-api-c\zbus\src\x64\release\buffer.obj
c:\workspace\zbus-api-c\zbus\src\x64\release\blockq.obj
c:\workspace\zbus-api-c\zbus\src\x64\release\zbus.obj
c:\workspace\zbus-api-c\zbus\src\x64\release\remoting.obj
c:\workspace\zbus-api-c\zbus\src\x64\release\msg.obj
c:\workspace\zbus-api-c\zbus\src\x64\release\zbus.dll
c:\workspace\zbus-api-c\zbus\src\x64\release\zbus.lib
c:\workspace\zbus-api-c\zbus\src\x64\release\zbus.exp
c:\workspace\zbus-api-c\zbus\src\x64\release\zbus.tlog\cl.command.1.tlog
c:\workspace\zbus-api-c\zbus\src\x64\release\zbus.tlog\cl.read.1.tlog
c:\workspace\zbus-api-c\zbus\src\x64\release\zbus.tlog\cl.write.1.tlog
c:\workspace\zbus-api-c\zbus\src\x64\release\zbus.tlog\link.command.1.tlog
c:\workspace\zbus-api-c\zbus\src\x64\release\zbus.tlog\link.read.1.tlog
c:\workspace\zbus-api-c\zbus\src\x64\release\zbus.tlog\link.write.1.tlog
c:\workspace\zbus-api-c\zbus\src\x64\release\zbus.tlog\zbus.write.1u.tlog
